<?xml version="1.0" encoding="UTF-8"?>
<!-- Generated by org.testng.reporters.JUnitReportReporter -->
<testsuite hostname="LAPTOP-VGBFU46S" failures="0" tests="11" name="com.tn.qa.testcases.SearchTest" time="55.589" errors="0" timestamp="2023-04-27T18:31:11 PDT" skipped="0">
  <testcase classname="com.tn.qa.testcases.SearchTest" name="verifyEmptySearchProduct" time="3.488"/>
  <system-out/>
  <testcase classname="com.tn.qa.testcases.SearchTest" name="verifyInvalidSearchProduct" time="3.500"/>
  <system-out/>
  <testcase classname="com.tn.qa.testcases.SearchTest" name="verifySearchProductWithSpacesInTheMiddle" time="3.951"/>
  <system-out/>
  <testcase classname="com.tn.qa.testcases.SearchTest" name="verifyMisspelledSearchProduct" time="13.790"/>
  <system-out/>
  <testcase classname="com.tn.qa.testcases.SearchTest" name="verifyAllUpperCaseSearchProduct" time="3.942"/>
  <system-out/>
  <testcase classname="com.tn.qa.testcases.SearchTest" name="verifySpecialCharacterSearchProduct" time="3.767"/>
  <system-out/>
  <testcase classname="com.tn.qa.testcases.SearchTest" name="verifyNumbersInSearchProduct" time="4.044"/>
  <system-out/>
  <testcase classname="com.tn.qa.testcases.SearchTest" name="SearchProductWithSpacesBetweenEachLetter" time="4.166"/>
  <system-out/>
  <testcase classname="com.tn.qa.testcases.SearchTest" name="SearchProductWithLeadingAndTrailingSpaces" time="5.030"/>
  <system-out/>
  <testcase classname="com.tn.qa.testcases.SearchTest" name="SearchProductWithPartialProductName" time="4.126"/>
  <system-out/>
  <testcase classname="com.tn.qa.testcases.SearchTest" name="SearchProductWithTwoSpaces" time="5.785"/>
  <system-out/>
</testsuite> <!-- com.tn.qa.testcases.SearchTest -->
