<?xml version="1.0" encoding="UTF-8"?>
<!-- Generated by org.testng.reporters.JUnitReportReporter -->
<testsuite hostname="LAPTOP-VGBFU46S" failures="0" tests="10" name="com.tn.qa.testcases.RegisterAccountTest" time="44.822" errors="0" timestamp="2023-04-27T18:31:11 PDT" skipped="0">
  <testcase classname="com.tn.qa.testcases.RegisterAccountTest" name="verifyRegisterAccountWithAllValidFields" time="4.211"/>
  <system-out/>
  <testcase classname="com.tn.qa.testcases.RegisterAccountTest" name="verifyRegisterAccountWithAllEmptyFields" time="4.550"/>
  <system-out/>
  <testcase classname="com.tn.qa.testcases.RegisterAccountTest" name="verifyRegisterAccountWithEmptyFirstNameAndByEnteringAllValidFields" time="4.340"/>
  <system-out/>
  <testcase classname="com.tn.qa.testcases.RegisterAccountTest" name="verifyRegisterAccountWithEmptyLastnameAndByEnteringAllValidFields" time="5.228"/>
  <system-out/>
  <testcase classname="com.tn.qa.testcases.RegisterAccountTest" name="verifyRegisterAccountWithEmptyEmailAndByEnteringAllValidFields" time="3.991"/>
  <system-out/>
  <testcase classname="com.tn.qa.testcases.RegisterAccountTest" name="verifyRegisterAccountWithEmptyTelephoneAndByEnteringAllValidFields" time="4.717"/>
  <system-out/>
  <testcase classname="com.tn.qa.testcases.RegisterAccountTest" name="verifyRegisterAccountWithEmptyPasswordAndEmptyPasswordConfirmAndByEnteringAllValidFields" time="4.378"/>
  <system-out/>
  <testcase classname="com.tn.qa.testcases.RegisterAccountTest" name="verifyRegisterAccountWithEmptyPaswordConfirmAndByEnteringAllValidFields" time="4.421"/>
  <system-out/>
  <testcase classname="com.tn.qa.testcases.RegisterAccountTest" name="verifyRegisterAccountWithEmptyTeleponeAndEmptyEmailAndByEnteringAllValidFields" time="4.503"/>
  <system-out/>
  <testcase classname="com.tn.qa.testcases.RegisterAccountTest" name="verifyRegisterAccountWithValidEmailAndEmptyAllFields" time="4.483"/>
  <system-out/>
</testsuite> <!-- com.tn.qa.testcases.RegisterAccountTest -->
