<?xml version="1.0" encoding="UTF-8"?>
<!-- Generated by org.testng.reporters.JUnitReportReporter -->
<testsuite hostname="LAPTOP-VGBFU46S" failures="0" tests="7" name="com.tn.qa.testcases.LoginTest" time="27.223" errors="0" timestamp="2023-04-27T18:31:11 PDT" skipped="0">
  <testcase classname="com.tn.qa.testcases.LoginTest" name="verifyValidUsernameAndValidPassword" time="3.846"/>
  <system-out/>
  <testcase classname="com.tn.qa.testcases.LoginTest" name="verifyInvalidUsernameAndInvalidPassword" time="3.409"/>
  <system-out/>
  <testcase classname="com.tn.qa.testcases.LoginTest" name="verifyValidUsernameAndInvalidPassword" time="4.095"/>
  <system-out/>
  <testcase classname="com.tn.qa.testcases.LoginTest" name="verifyEmptyUsernameAndValidPassword" time="4.021"/>
  <system-out/>
  <testcase classname="com.tn.qa.testcases.LoginTest" name="verifyValidUsernameAndEmptyPassword" time="3.946"/>
  <system-out/>
  <testcase classname="com.tn.qa.testcases.LoginTest" name="verifyEmptyUsernameAndEmptyPassword" time="3.908"/>
  <system-out/>
  <testcase classname="com.tn.qa.testcases.LoginTest" name="verifyInvalidUsernameAndValidPassword" time="3.998"/>
  <system-out/>
</testsuite> <!-- com.tn.qa.testcases.LoginTest -->
