<?xml version="1.0" encoding="UTF-8"?>
<!-- Generated by org.testng.reporters.JUnitReportReporter -->
<testsuite skipped="0" hostname="LAPTOP-VGBFU46S" name="com.tn.qa.testcases.SearchTest" tests="11" failures="0" timestamp="28 Apr 2023 02:33:18 GMT" time="61.953" errors="0">
  <testcase name="verifyEmptySearchProduct" time="4.215" classname="com.tn.qa.testcases.SearchTest"/>
  <testcase name="verifyInvalidSearchProduct" time="4.394" classname="com.tn.qa.testcases.SearchTest"/>
  <testcase name="verifySearchProductWithSpacesInTheMiddle" time="4.412" classname="com.tn.qa.testcases.SearchTest"/>
  <testcase name="verifyMisspelledSearchProduct" time="14.585" classname="com.tn.qa.testcases.SearchTest"/>
  <testcase name="verifyAllUpperCaseSearchProduct" time="4.448" classname="com.tn.qa.testcases.SearchTest"/>
  <testcase name="verifySpecialCharacterSearchProduct" time="4.589" classname="com.tn.qa.testcases.SearchTest"/>
  <testcase name="verifyNumbersInSearchProduct" time="4.302" classname="com.tn.qa.testcases.SearchTest"/>
  <testcase name="SearchProductWithSpacesBetweenEachLetter" time="4.612" classname="com.tn.qa.testcases.SearchTest"/>
  <testcase name="SearchProductWithLeadingAndTrailingSpaces" time="5.126" classname="com.tn.qa.testcases.SearchTest"/>
  <testcase name="SearchProductWithPartialProductName" time="4.582" classname="com.tn.qa.testcases.SearchTest"/>
  <testcase name="SearchProductWithTwoSpaces" time="6.688" classname="com.tn.qa.testcases.SearchTest"/>
</testsuite> <!-- com.tn.qa.testcases.SearchTest -->
