<?xml version="1.0" encoding="UTF-8"?>
<!-- Generated by org.testng.reporters.JUnitReportReporter -->
<testsuite skipped="0" hostname="LAPTOP-VGBFU46S" name="com.tn.qa.testcases.LoginTest" tests="7" failures="0" timestamp="28 Apr 2023 02:33:18 GMT" time="33.260" errors="0">
  <testcase name="verifyValidUsernameAndValidPassword" time="4.909" classname="com.tn.qa.testcases.LoginTest"/>
  <testcase name="verifyInvalidUsernameAndInvalidPassword" time="4.999" classname="com.tn.qa.testcases.LoginTest"/>
  <testcase name="verifyValidUsernameAndInvalidPassword" time="4.541" classname="com.tn.qa.testcases.LoginTest"/>
  <testcase name="verifyEmptyUsernameAndValidPassword" time="4.747" classname="com.tn.qa.testcases.LoginTest"/>
  <testcase name="verifyValidUsernameAndEmptyPassword" time="4.585" classname="com.tn.qa.testcases.LoginTest"/>
  <testcase name="verifyEmptyUsernameAndEmptyPassword" time="4.769" classname="com.tn.qa.testcases.LoginTest"/>
  <testcase name="verifyInvalidUsernameAndValidPassword" time="4.710" classname="com.tn.qa.testcases.LoginTest"/>
</testsuite> <!-- com.tn.qa.testcases.LoginTest -->
