<?xml version="1.0" encoding="UTF-8"?>
<!-- Generated by org.testng.reporters.JUnitReportReporter -->
<testsuite skipped="0" hostname="LAPTOP-VGBFU46S" name="com.tn.qa.testcases.RegisterAccountTest" tests="10" failures="0" timestamp="28 Apr 2023 02:33:18 GMT" time="49.619" errors="0">
  <testcase name="verifyRegisterAccountWithAllValidFields" time="5.166" classname="com.tn.qa.testcases.RegisterAccountTest"/>
  <testcase name="verifyRegisterAccountWithAllEmptyFields" time="4.875" classname="com.tn.qa.testcases.RegisterAccountTest"/>
  <testcase name="verifyRegisterAccountWithEmptyFirstNameAndByEnteringAllValidFields" time="4.659" classname="com.tn.qa.testcases.RegisterAccountTest"/>
  <testcase name="verifyRegisterAccountWithEmptyLastnameAndByEnteringAllValidFields" time="4.736" classname="com.tn.qa.testcases.RegisterAccountTest"/>
  <testcase name="verifyRegisterAccountWithEmptyEmailAndByEnteringAllValidFields" time="4.796" classname="com.tn.qa.testcases.RegisterAccountTest"/>
  <testcase name="verifyRegisterAccountWithEmptyTelephoneAndByEnteringAllValidFields" time="4.696" classname="com.tn.qa.testcases.RegisterAccountTest"/>
  <testcase name="verifyRegisterAccountWithEmptyPasswordAndEmptyPasswordConfirmAndByEnteringAllValidFields" time="4.817" classname="com.tn.qa.testcases.RegisterAccountTest"/>
  <testcase name="verifyRegisterAccountWithEmptyPaswordConfirmAndByEnteringAllValidFields" time="5.163" classname="com.tn.qa.testcases.RegisterAccountTest"/>
  <testcase name="verifyRegisterAccountWithEmptyTeleponeAndEmptyEmailAndByEnteringAllValidFields" time="4.983" classname="com.tn.qa.testcases.RegisterAccountTest"/>
  <testcase name="verifyRegisterAccountWithValidEmailAndEmptyAllFields" time="5.728" classname="com.tn.qa.testcases.RegisterAccountTest"/>
</testsuite> <!-- com.tn.qa.testcases.RegisterAccountTest -->
